[ 2017-03-28T00:16:15+08:00 ] 127.0.0.1 /admin.php
INFO: [ app_init ] --START--
INFO: Run Behavior\BuildLiteBehavior [ RunTime:0.000025s ]
INFO: [ app_init ] --END-- [ RunTime:0.000347s ]
INFO: [ app_begin ] --START--
INFO: Run Behavior\ReadHtmlCacheBehavior [ RunTime:0.000398s ]
INFO: [ app_begin ] --END-- [ RunTime:0.000501s ]
NOTIC: [8] Undefined variable: module C:\wamp64\www\singcms\ThinkPHP\Common\functions.php 第 997 行.
NOTIC: [8] Undefined variable: var C:\wamp64\www\singcms\ThinkPHP\Common\functions.php 第 1000 行.
NOTIC: [2] array_reverse() expects parameter 1 to be array, null given C:\wamp64\www\singcms\ThinkPHP\Common\functions.php 第 1000 行.
NOTIC: [2] http_build_query(): Parameter 1 expected to be Array or Object.  Incorrect value given C:\wamp64\www\singcms\ThinkPHP\Common\functions.php 第 1000 行.

[ 2017-03-28T00:16:15+08:00 ] 127.0.0.1 /admin.php?&c=login
INFO: [ app_init ] --START--
INFO: Run Behavior\BuildLiteBehavior [ RunTime:0.000050s ]
INFO: [ app_init ] --END-- [ RunTime:0.000775s ]
INFO: [ app_begin ] --START--
INFO: Run Behavior\ReadHtmlCacheBehavior [ RunTime:0.000655s ]
INFO: [ app_begin ] --END-- [ RunTime:0.000831s ]
INFO: [ view_parse ] --START--
INFO: [ template_filter ] --START--
INFO: Run Behavior\ContentReplaceBehavior [ RunTime:0.000100s ]
INFO: [ template_filter ] --END-- [ RunTime:0.000285s ]
INFO: Run Behavior\ParseTemplateBehavior [ RunTime:0.007334s ]
INFO: [ view_parse ] --END-- [ RunTime:0.007563s ]
INFO: [ view_filter ] --START--
INFO: Run Behavior\WriteHtmlCacheBehavior [ RunTime:0.000500s ]
INFO: [ view_filter ] --END-- [ RunTime:0.000635s ]
INFO: [ app_end ] --START--
INFO: Run Behavior\ShowPageTraceBehavior [ RunTime:0.000819s ]
INFO: [ app_end ] --END-- [ RunTime:0.001032s ]

[ 2017-03-28T00:16:19+08:00 ] 127.0.0.1 /index.php?m=admin&c=login&a=check
INFO: [ app_init ] --START--
INFO: Run Behavior\BuildLiteBehavior [ RunTime:0.000033s ]
INFO: [ app_init ] --END-- [ RunTime:0.000496s ]
INFO: [ app_begin ] --START--
INFO: Run Behavior\ReadHtmlCacheBehavior [ RunTime:0.000432s ]
INFO: [ app_begin ] --END-- [ RunTime:0.000555s ]
SQL: SHOW COLUMNS FROM `cms_admin` [ RunTime:0.0015s ]
SQL: SELECT * FROM `cms_admin` WHERE ( username="admin" ) LIMIT 1   [ RunTime:0.0008s ]
SQL: UPDATE `cms_admin` SET `username`='admin',`password`='d099d126030d3207ba102efa8e60630a',`lastloginip`='0',`lastlogintime`='1490631379',`email`='tracywxh0830@126.com',`realname`='张三',`status`='1' WHERE ( admin_id=1 ) [ RunTime:0.0005s ]

[ 2017-03-28T00:16:20+08:00 ] 127.0.0.1 /admin.php?c=index
INFO: [ app_init ] --START--
INFO: Run Behavior\BuildLiteBehavior [ RunTime:0.000028s ]
INFO: [ app_init ] --END-- [ RunTime:0.000454s ]
INFO: [ app_begin ] --START--
INFO: Run Behavior\ReadHtmlCacheBehavior [ RunTime:0.000686s ]
INFO: [ app_begin ] --END-- [ RunTime:0.000848s ]
SQL: SHOW COLUMNS FROM `cms_news` [ RunTime:0.0009s ]
SQL: SELECT * FROM `cms_news` WHERE `status` = 1 ORDER BY count desc LIMIT 1   [ RunTime:0.0005s ]
SQL: SELECT COUNT(*) AS tp_count FROM `cms_news` WHERE `status` <> -1 LIMIT 1   [ RunTime:0.0004s ]
SQL: SHOW COLUMNS FROM `cms_position` [ RunTime:0.0011s ]
SQL: SELECT COUNT(*) AS tp_count FROM `cms_position` WHERE `status` <> -1 LIMIT 1   [ RunTime:0.0004s ]
SQL: SHOW COLUMNS FROM `cms_admin` [ RunTime:0.0007s ]
SQL: SELECT COUNT(*) AS tp_count FROM `cms_admin` WHERE `status` = 1 AND `lastlogintime` > 1490630400 LIMIT 1   [ RunTime:0.0012s ]
INFO: [ view_parse ] --START--
INFO: [ template_filter ] --START--
INFO: Run Behavior\ContentReplaceBehavior [ RunTime:0.000083s ]
INFO: [ template_filter ] --END-- [ RunTime:0.000190s ]
SQL: SHOW COLUMNS FROM `cms_menu` [ RunTime:0.0007s ]
SQL: SELECT * FROM `cms_menu` WHERE `status` <> -1 AND `type` = 1 ORDER BY listorder desc,menu_id desc  [ RunTime:0.0004s ]
INFO: Run Behavior\ParseTemplateBehavior [ RunTime:0.014032s ]
INFO: [ view_parse ] --END-- [ RunTime:0.014147s ]
INFO: [ view_filter ] --START--
INFO: Run Behavior\WriteHtmlCacheBehavior [ RunTime:0.000496s ]
INFO: [ view_filter ] --END-- [ RunTime:0.000634s ]
INFO: [ app_end ] --START--
INFO: Run Behavior\ShowPageTraceBehavior [ RunTime:0.001237s ]
INFO: [ app_end ] --END-- [ RunTime:0.001427s ]

[ 2017-03-28T00:16:21+08:00 ] 127.0.0.1 /admin.php?c=menu&a=index
INFO: [ app_init ] --START--
INFO: Run Behavior\BuildLiteBehavior [ RunTime:0.000113s ]
INFO: [ app_init ] --END-- [ RunTime:0.001404s ]
INFO: [ app_begin ] --START--
INFO: Run Behavior\ReadHtmlCacheBehavior [ RunTime:0.000639s ]
INFO: [ app_begin ] --END-- [ RunTime:0.000755s ]
NOTIC: [2048] Declaration of Admin\Controller\MenuController::setStatus() should be compatible with Admin\Controller\CommonController::setStatus($data, $models) C:\wamp64\www\singcms\Application\Admin\Controller\MenuController.class.php 第 7 行.
NOTIC: [8] Undefined index: p C:\wamp64\www\singcms\Application\Admin\Controller\MenuController.class.php 第 24 行.
NOTIC: [8] Undefined index: pageSize C:\wamp64\www\singcms\Application\Admin\Controller\MenuController.class.php 第 25 行.
SQL: SHOW COLUMNS FROM `cms_menu` [ RunTime:0.0008s ]
SQL: SELECT * FROM `cms_menu` WHERE `status` <> -1 ORDER BY listorder desc,menu_id desc LIMIT 0,10   [ RunTime:0.0004s ]
SQL: SELECT COUNT(*) AS tp_count FROM `cms_menu` WHERE `status` <> -1 LIMIT 1   [ RunTime:0.0005s ]
INFO: [ view_parse ] --START--
INFO: [ template_filter ] --START--
INFO: Run Behavior\ContentReplaceBehavior [ RunTime:0.000088s ]
INFO: [ template_filter ] --END-- [ RunTime:0.000216s ]
SQL: SELECT * FROM `cms_menu` WHERE `status` <> -1 AND `type` = 1 ORDER BY listorder desc,menu_id desc  [ RunTime:0.0004s ]
NOTIC: [8] Undefined variable: nav C:\wamp64\www\singcms\Application\Runtime\Cache\Admin\b956215329b6f9aca22277599a4efdfc.php 第 102 行.
INFO: Run Behavior\ParseTemplateBehavior [ RunTime:0.014852s ]
INFO: [ view_parse ] --END-- [ RunTime:0.015004s ]
INFO: [ view_filter ] --START--
INFO: Run Behavior\WriteHtmlCacheBehavior [ RunTime:0.001142s ]
INFO: [ view_filter ] --END-- [ RunTime:0.001360s ]
INFO: [ app_end ] --START--
INFO: Run Behavior\ShowPageTraceBehavior [ RunTime:0.001544s ]
INFO: [ app_end ] --END-- [ RunTime:0.001775s ]

[ 2017-03-28T00:16:24+08:00 ] 127.0.0.1 /admin.php?c=introduce&a=edit
INFO: [ app_init ] --START--
INFO: Run Behavior\BuildLiteBehavior [ RunTime:0.000025s ]
INFO: [ app_init ] --END-- [ RunTime:0.000353s ]
INFO: [ app_begin ] --START--
INFO: Run Behavior\ReadHtmlCacheBehavior [ RunTime:0.000398s ]
INFO: [ app_begin ] --END-- [ RunTime:0.000503s ]
NOTIC: [2048] Declaration of Admin\Controller\IntroduceController::setStatus() should be compatible with Admin\Controller\CommonController::setStatus($data, $models) C:\wamp64\www\singcms\Application\Admin\Controller\IntroduceController.class.php 第 7 行.
SQL: SHOW COLUMNS FROM `cms_introduce` [ RunTime:0.0010s ]
SQL: SELECT * FROM `cms_introduce` WHERE ( introduce_id=17 ) LIMIT 1   [ RunTime:0.0003s ]
INFO: [ view_parse ] --START--
INFO: [ template_filter ] --START--
INFO: Run Behavior\ContentReplaceBehavior [ RunTime:0.000076s ]
INFO: [ template_filter ] --END-- [ RunTime:0.000184s ]
SQL: SHOW COLUMNS FROM `cms_menu` [ RunTime:0.0009s ]
SQL: SELECT * FROM `cms_menu` WHERE `status` <> -1 AND `type` = 1 ORDER BY listorder desc,menu_id desc  [ RunTime:0.0004s ]
NOTIC: [8] Undefined index: thumb C:\wamp64\www\singcms\Application\Runtime\Cache\Admin\4e9cdd78732fad6dd714afb34f5cac3a.php 第 162 行.
INFO: Run Behavior\ParseTemplateBehavior [ RunTime:0.014130s ]
INFO: [ view_parse ] --END-- [ RunTime:0.014281s ]
INFO: [ view_filter ] --START--
INFO: Run Behavior\WriteHtmlCacheBehavior [ RunTime:0.000444s ]
INFO: [ view_filter ] --END-- [ RunTime:0.000540s ]
INFO: [ app_end ] --START--
INFO: Run Behavior\ShowPageTraceBehavior [ RunTime:0.000835s ]
INFO: [ app_end ] --END-- [ RunTime:0.001020s ]

[ 2017-03-28T00:16:32+08:00 ] 127.0.0.1 /admin.php?c=introduce&a=add
INFO: [ app_init ] --START--
INFO: Run Behavior\BuildLiteBehavior [ RunTime:0.000038s ]
INFO: [ app_init ] --END-- [ RunTime:0.000551s ]
INFO: [ app_begin ] --START--
INFO: Run Behavior\ReadHtmlCacheBehavior [ RunTime:0.000394s ]
INFO: [ app_begin ] --END-- [ RunTime:0.000487s ]
NOTIC: [2048] Declaration of Admin\Controller\IntroduceController::setStatus() should be compatible with Admin\Controller\CommonController::setStatus($data, $models) C:\wamp64\www\singcms\Application\Admin\Controller\IntroduceController.class.php 第 7 行.
SQL: SHOW COLUMNS FROM `cms_introduce` [ RunTime:0.0005s ]
SQL: UPDATE `cms_introduce` SET `content`='&lt;h3 style=&quot;color:#808080;font-family:微软雅黑;background-color:#FFFFFF;&quot;&gt;
	&lt;img width=&quot;919&quot; height=&quot;46&quot; alt=&quot;&quot; src=&quot;http://www.honhesns.com/manager/meng_k/products_pic/image/20150203170820522052.png&quot; /&gt;
&lt;/h3&gt;
&lt;h3 style=&quot;color:#808080;font-family:微软雅黑;background-color:#FFFFFF;&quot;&gt;
	&lt;img width=&quot;1026&quot; height=&quot;445&quot; alt=&quot;&quot; src=&quot;http://www.honhesns.com/manager/meng_k/products_pic/image/20150203170487158715.jpg&quot; style=&quot;width:918px;height:401px;&quot; /&gt;
&lt;/h3&gt;
&lt;p style=&quot;color:#808080;font-family:微软雅黑;background-color:#FFFFFF;&quot;&gt;
	&amp;nbsp; &amp;nbsp;&amp;nbsp;
&lt;/p&gt;
&lt;p style=&quot;color:#808080;font-family:微软雅黑;background-color:#FFFFFF;&quot;&gt;
	&lt;span style=&quot;font-size:18px;&quot;&gt;&amp;nbsp; &amp;nbsp;&amp;nbsp;&amp;nbsp;&lt;/span&gt;&lt;span style=&quot;font-size:18px;&quot;&gt;深圳市后河车贷作为“普惠金融”的实践者，从成立至今，一直致力于帮助广大的中小企业解决“贷款难，融资难“的问题。“有车就能来贷款”，后河车贷通过这种快捷，便利的融资方式，让金融服务实体经济，解决企业资金短缺的燃眉之急。公司目前在全国共开设分公司32家，营业部及门店40家，遍布华南、华东、华北、东北和西南五大区域的一二三线城市，已经累计帮助超过10万的客户，提供了资金周转的服务。&lt;/span&gt;
&lt;/p&gt;
&lt;span style=&quot;color:#808080;font-family:微软雅黑;background-color:#FFFFFF;font-size:18px;&quot;&gt;&amp;nbsp; &amp;nbsp; &amp;nbsp;后河车贷以“诚信立足、专业于精、价值回报、联合共赢”为宗旨；秉承“以人为本、稳健笃实、精进开拓、创新致远”的经营理念；坚持以客户的需求为中心，全心全意为每一位客户提供一站式融资服务，是广大中小企业发展路上最值得信赖的伙伴。&lt;/span&gt;&lt;span style=&quot;color:#808080;font-family:微软雅黑;background-color:#FFFFFF;&quot;&gt;&lt;/span&gt;
&lt;p style=&quot;color:#808080;font-family:微软雅黑;background-color:#FFFFFF;&quot;&gt;
	&lt;br /&gt;
&lt;/p&gt;
&lt;p style=&quot;color:#808080;font-family:微软雅黑;background-color:#FFFFFF;&quot;&gt;
	&lt;br /&gt;
&lt;/p&gt;
&lt;p style=&quot;color:#808080;font-family:微软雅黑;background-color:#FFFFFF;&quot;&gt;
	&lt;span style=&quot;font-size:18px;&quot;&gt;&amp;nbsp; &amp;nbsp;&amp;nbsp;&lt;span style=&quot;background-color:#FFE500;&quot;&gt;车贷产品&lt;/span&gt;:&lt;/span&gt;
&lt;/p&gt;
&lt;p style=&quot;color:#808080;font-family:微软雅黑;background-color:#FFFFFF;&quot;&gt;
	&lt;span style=&quot;font-size:18px;&quot;&gt;&amp;nbsp; &amp;nbsp;&amp;nbsp;&lt;span&gt;押车贷&lt;/span&gt;：客户车辆需存放至安全车库保管，审核简单，当天到账。&lt;/span&gt;
&lt;/p&gt;
&lt;p style=&quot;color:#808080;font-family:微软雅黑;background-color:#FFFFFF;&quot;&gt;
	&lt;span style=&quot;font-size:18px;&quot;&gt;&amp;nbsp; &amp;nbsp;&amp;nbsp;GPS类：办理抵押手续后，客户车辆安装GPS，可继续自由使用车辆。&lt;/span&gt;
&lt;/p&gt;
&lt;p style=&quot;color:#808080;font-family:微软雅黑;background-color:#FFFFFF;&quot;&gt;
	&lt;br /&gt;
&lt;span style=&quot;font-size:18px;&quot;&gt;&amp;nbsp; &amp;nbsp;&amp;nbsp;&lt;span style=&quot;background-color:#FFE500;&quot;&gt;产品优势&lt;/span&gt;：&lt;/span&gt;&lt;br /&gt;
&lt;span style=&quot;font-size:18px;&quot;&gt;&amp;nbsp; &amp;nbsp; 门槛低：有车就能贷，车辆无地域限制；&lt;/span&gt;
&lt;/p&gt;
&lt;p style=&quot;color:#808080;font-family:微软雅黑;background-color:#FFFFFF;&quot;&gt;
	&lt;span style=&quot;font-size:18px;&quot;&gt;&amp;nbsp; &amp;nbsp; 额度高：最高可借车辆评估值的100%；&lt;/span&gt;
&lt;/p&gt;
&lt;p style=&quot;color:#808080;font-family:微软雅黑;background-color:#FFFFFF;&quot;&gt;
	&lt;span style=&quot;font-size:18px;&quot;&gt;&amp;nbsp; &amp;nbsp; 速度快：最快2小时完成审核；&lt;/span&gt;
&lt;/p&gt;
&lt;p style=&quot;color:#808080;font-family:微软雅黑;background-color:#FFFFFF;&quot;&gt;
	&lt;span style=&quot;font-size:18px;&quot;&gt;&amp;nbsp; &amp;nbsp; 费率低：费率低于市场平均水平，收费诚信透明；&lt;/span&gt;
&lt;/p&gt;
&lt;p style=&quot;color:#808080;font-family:微软雅黑;background-color:#FFFFFF;&quot;&gt;
	&lt;span style=&quot;font-size:18px;&quot;&gt;&amp;nbsp; &amp;nbsp; 期限灵活：自主选择还款期限，还款压力小，可续贷；&lt;/span&gt;
&lt;/p&gt;
&lt;p style=&quot;color:#808080;font-family:微软雅黑;background-color:#FFFFFF;&quot;&gt;
	&lt;span style=&quot;font-size:18px;line-height:1.5;&quot;&gt;&amp;nbsp; &amp;nbsp;&amp;nbsp;品牌信誉：后河车贷是车贷行业的领航者，普惠金融践行者。公司网点遍布全国，&amp;nbsp;&amp;nbsp;累计放款额已超过40亿元，帮助广大的中小企业主解决了融资难题，深受客户好评。&lt;/span&gt;
&lt;/p&gt;
&lt;p style=&quot;color:#808080;font-family:微软雅黑;background-color:#FFFFFF;&quot;&gt;
	&amp;nbsp;
&lt;/p&gt;',`update_time`='1490631392' WHERE ( introduce_id=17 ) [ RunTime:0.0009s ]

[ 2017-03-28T00:16:33+08:00 ] 127.0.0.1 /admin.php?c=content
INFO: [ app_init ] --START--
INFO: Run Behavior\BuildLiteBehavior [ RunTime:0.000041s ]
INFO: [ app_init ] --END-- [ RunTime:0.000532s ]
INFO: [ app_begin ] --START--
INFO: Run Behavior\ReadHtmlCacheBehavior [ RunTime:0.000634s ]
INFO: [ app_begin ] --END-- [ RunTime:0.000825s ]
NOTIC: [2048] Declaration of Admin\Controller\ContentController::setStatus() should be compatible with Admin\Controller\CommonController::setStatus($data, $models) C:\wamp64\www\singcms\Application\Admin\Controller\ContentController.class.php 第 10 行.
NOTIC: [8] Undefined index: title C:\wamp64\www\singcms\Application\Admin\Controller\ContentController.class.php 第 25 行.
NOTIC: [8] Undefined index: catid C:\wamp64\www\singcms\Application\Admin\Controller\ContentController.class.php 第 31 行.
NOTIC: [8] Undefined index: position_id C:\wamp64\www\singcms\Application\Admin\Controller\ContentController.class.php 第 36 行.
SQL: SHOW COLUMNS FROM `cms_menu` [ RunTime:0.0006s ]
SQL: SELECT * FROM `cms_menu` WHERE `status` <> -1 AND `type` = 0 ORDER BY listorder desc,menu_id desc  [ RunTime:0.0005s ]
NOTIC: [8] Undefined index: p C:\wamp64\www\singcms\Application\Admin\Controller\ContentController.class.php 第 44 行.
NOTIC: [8] Undefined index: pageSize C:\wamp64\www\singcms\Application\Admin\Controller\ContentController.class.php 第 45 行.
SQL: SHOW COLUMNS FROM `cms_news` [ RunTime:0.0006s ]
SQL: SELECT * FROM `cms_news` WHERE `status` <> -1 ORDER BY listorder desc,news_id desc LIMIT 0,5   [ RunTime:0.0004s ]
SQL: SHOW COLUMNS FROM `cms_position` [ RunTime:0.0007s ]
SQL: SELECT * FROM `cms_position` WHERE `status` <> -1 ORDER BY id desc  [ RunTime:0.0005s ]
SQL: SELECT COUNT(*) AS tp_count FROM `cms_news` WHERE `status` <> -1 LIMIT 1   [ RunTime:0.0004s ]
INFO: [ view_parse ] --START--
INFO: [ template_filter ] --START--
INFO: Run Behavior\ContentReplaceBehavior [ RunTime:0.000101s ]
INFO: [ template_filter ] --END-- [ RunTime:0.000222s ]
SQL: SELECT * FROM `cms_menu` WHERE `status` <> -1 AND `type` = 1 ORDER BY listorder desc,menu_id desc  [ RunTime:0.0004s ]
NOTIC: [8] Undefined variable: catid C:\wamp64\www\singcms\Application\Runtime\Cache\Admin\ccc9ced3ad798311a07cb47b740981c5.php 第 116 行.
NOTIC: [8] Undefined variable: catid C:\wamp64\www\singcms\Application\Runtime\Cache\Admin\ccc9ced3ad798311a07cb47b740981c5.php 第 116 行.
NOTIC: [8] Undefined variable: catid C:\wamp64\www\singcms\Application\Runtime\Cache\Admin\ccc9ced3ad798311a07cb47b740981c5.php 第 116 行.
NOTIC: [8] Undefined variable: catid C:\wamp64\www\singcms\Application\Runtime\Cache\Admin\ccc9ced3ad798311a07cb47b740981c5.php 第 116 行.
NOTIC: [8] Undefined variable: title C:\wamp64\www\singcms\Application\Runtime\Cache\Admin\ccc9ced3ad798311a07cb47b740981c5.php 第 125 行.
NOTIC: [8] Undefined variable: position_id C:\wamp64\www\singcms\Application\Runtime\Cache\Admin\ccc9ced3ad798311a07cb47b740981c5.php 第 197 行.
NOTIC: [8] Undefined variable: position_id C:\wamp64\www\singcms\Application\Runtime\Cache\Admin\ccc9ced3ad798311a07cb47b740981c5.php 第 197 行.
NOTIC: [8] Undefined variable: position_id C:\wamp64\www\singcms\Application\Runtime\Cache\Admin\ccc9ced3ad798311a07cb47b740981c5.php 第 197 行.
INFO: Run Behavior\ParseTemplateBehavior [ RunTime:0.017757s ]
INFO: [ view_parse ] --END-- [ RunTime:0.017899s ]
INFO: [ view_filter ] --START--
INFO: Run Behavior\WriteHtmlCacheBehavior [ RunTime:0.000613s ]
INFO: [ view_filter ] --END-- [ RunTime:0.000726s ]
INFO: [ app_end ] --START--
INFO: Run Behavior\ShowPageTraceBehavior [ RunTime:0.000829s ]
INFO: [ app_end ] --END-- [ RunTime:0.000983s ]

[ 2017-03-28T00:17:36+08:00 ] 127.0.0.1 /admin.php?c=introduce&a=edit
INFO: [ app_init ] --START--
INFO: Run Behavior\BuildLiteBehavior [ RunTime:0.000027s ]
INFO: [ app_init ] --END-- [ RunTime:0.000678s ]
INFO: [ app_begin ] --START--
INFO: Run Behavior\ReadHtmlCacheBehavior [ RunTime:0.000509s ]
INFO: [ app_begin ] --END-- [ RunTime:0.000617s ]
NOTIC: [2048] Declaration of Admin\Controller\IntroduceController::setStatus() should be compatible with Admin\Controller\CommonController::setStatus($data, $models) C:\wamp64\www\singcms\Application\Admin\Controller\IntroduceController.class.php 第 7 行.
SQL: SHOW COLUMNS FROM `cms_introduce` [ RunTime:0.0009s ]
SQL: SELECT * FROM `cms_introduce` WHERE ( introduce_id=17 ) LIMIT 1   [ RunTime:0.0004s ]
INFO: [ view_parse ] --START--
INFO: [ template_filter ] --START--
INFO: Run Behavior\ContentReplaceBehavior [ RunTime:0.000079s ]
INFO: [ template_filter ] --END-- [ RunTime:0.000187s ]
SQL: SHOW COLUMNS FROM `cms_menu` [ RunTime:0.0006s ]
SQL: SELECT * FROM `cms_menu` WHERE `status` <> -1 AND `type` = 1 ORDER BY listorder desc,menu_id desc  [ RunTime:0.0003s ]
NOTIC: [8] Undefined index: thumb C:\wamp64\www\singcms\Application\Runtime\Cache\Admin\4e9cdd78732fad6dd714afb34f5cac3a.php 第 162 行.
INFO: Run Behavior\ParseTemplateBehavior [ RunTime:0.016681s ]
INFO: [ view_parse ] --END-- [ RunTime:0.016813s ]
INFO: [ view_filter ] --START--
INFO: Run Behavior\WriteHtmlCacheBehavior [ RunTime:0.000456s ]
INFO: [ view_filter ] --END-- [ RunTime:0.000552s ]
NOTIC: [2] Cannot modify header information - headers already sent by (output started at C:\wamp64\www\singcms\Application\Admin\Controller\IntroduceController.class.php:42) C:\wamp64\www\singcms\ThinkPHP\Library\Think\View.class.php 第 91 行.
NOTIC: [2] Cannot modify header information - headers already sent by (output started at C:\wamp64\www\singcms\Application\Admin\Controller\IntroduceController.class.php:42) C:\wamp64\www\singcms\ThinkPHP\Library\Think\View.class.php 第 92 行.
NOTIC: [2] Cannot modify header information - headers already sent by (output started at C:\wamp64\www\singcms\Application\Admin\Controller\IntroduceController.class.php:42) C:\wamp64\www\singcms\ThinkPHP\Library\Think\View.class.php 第 93 行.
INFO: [ app_end ] --START--
INFO: Run Behavior\ShowPageTraceBehavior [ RunTime:0.001031s ]
INFO: [ app_end ] --END-- [ RunTime:0.001217s ]

[ 2017-03-28T00:17:37+08:00 ] 127.0.0.1 /admin.php?c=content&a=index
INFO: [ app_init ] --START--
INFO: Run Behavior\BuildLiteBehavior [ RunTime:0.000024s ]
INFO: [ app_init ] --END-- [ RunTime:0.000362s ]
INFO: [ app_begin ] --START--
INFO: Run Behavior\ReadHtmlCacheBehavior [ RunTime:0.000440s ]
INFO: [ app_begin ] --END-- [ RunTime:0.000583s ]
NOTIC: [2048] Declaration of Admin\Controller\ContentController::setStatus() should be compatible with Admin\Controller\CommonController::setStatus($data, $models) C:\wamp64\www\singcms\Application\Admin\Controller\ContentController.class.php 第 10 行.
NOTIC: [8] Undefined index: title C:\wamp64\www\singcms\Application\Admin\Controller\ContentController.class.php 第 25 行.
NOTIC: [8] Undefined index: catid C:\wamp64\www\singcms\Application\Admin\Controller\ContentController.class.php 第 31 行.
NOTIC: [8] Undefined index: position_id C:\wamp64\www\singcms\Application\Admin\Controller\ContentController.class.php 第 36 行.
SQL: SHOW COLUMNS FROM `cms_menu` [ RunTime:0.0008s ]
SQL: SELECT * FROM `cms_menu` WHERE `status` <> -1 AND `type` = 0 ORDER BY listorder desc,menu_id desc  [ RunTime:0.0003s ]
NOTIC: [8] Undefined index: p C:\wamp64\www\singcms\Application\Admin\Controller\ContentController.class.php 第 44 行.
NOTIC: [8] Undefined index: pageSize C:\wamp64\www\singcms\Application\Admin\Controller\ContentController.class.php 第 45 行.
SQL: SHOW COLUMNS FROM `cms_news` [ RunTime:0.0010s ]
SQL: SELECT * FROM `cms_news` WHERE `status` <> -1 ORDER BY listorder desc,news_id desc LIMIT 0,5   [ RunTime:0.0005s ]
SQL: SHOW COLUMNS FROM `cms_position` [ RunTime:0.0007s ]
SQL: SELECT * FROM `cms_position` WHERE `status` <> -1 ORDER BY id desc  [ RunTime:0.0003s ]
SQL: SELECT COUNT(*) AS tp_count FROM `cms_news` WHERE `status` <> -1 LIMIT 1   [ RunTime:0.0003s ]
INFO: [ view_parse ] --START--
INFO: [ template_filter ] --START--
INFO: Run Behavior\ContentReplaceBehavior [ RunTime:0.000095s ]
INFO: [ template_filter ] --END-- [ RunTime:0.000206s ]
SQL: SELECT * FROM `cms_menu` WHERE `status` <> -1 AND `type` = 1 ORDER BY listorder desc,menu_id desc  [ RunTime:0.0007s ]
NOTIC: [8] Undefined variable: catid C:\wamp64\www\singcms\Application\Runtime\Cache\Admin\ccc9ced3ad798311a07cb47b740981c5.php 第 116 行.
NOTIC: [8] Undefined variable: catid C:\wamp64\www\singcms\Application\Runtime\Cache\Admin\ccc9ced3ad798311a07cb47b740981c5.php 第 116 行.
NOTIC: [8] Undefined variable: catid C:\wamp64\www\singcms\Application\Runtime\Cache\Admin\ccc9ced3ad798311a07cb47b740981c5.php 第 116 行.
NOTIC: [8] Undefined variable: catid C:\wamp64\www\singcms\Application\Runtime\Cache\Admin\ccc9ced3ad798311a07cb47b740981c5.php 第 116 行.
NOTIC: [8] Undefined variable: title C:\wamp64\www\singcms\Application\Runtime\Cache\Admin\ccc9ced3ad798311a07cb47b740981c5.php 第 125 行.
NOTIC: [8] Undefined variable: position_id C:\wamp64\www\singcms\Application\Runtime\Cache\Admin\ccc9ced3ad798311a07cb47b740981c5.php 第 197 行.
NOTIC: [8] Undefined variable: position_id C:\wamp64\www\singcms\Application\Runtime\Cache\Admin\ccc9ced3ad798311a07cb47b740981c5.php 第 197 行.
NOTIC: [8] Undefined variable: position_id C:\wamp64\www\singcms\Application\Runtime\Cache\Admin\ccc9ced3ad798311a07cb47b740981c5.php 第 197 行.
INFO: Run Behavior\ParseTemplateBehavior [ RunTime:0.017470s ]
INFO: [ view_parse ] --END-- [ RunTime:0.017611s ]
INFO: [ view_filter ] --START--
INFO: Run Behavior\WriteHtmlCacheBehavior [ RunTime:0.000433s ]
INFO: [ view_filter ] --END-- [ RunTime:0.000528s ]
INFO: [ app_end ] --START--
INFO: Run Behavior\ShowPageTraceBehavior [ RunTime:0.000878s ]
INFO: [ app_end ] --END-- [ RunTime:0.001036s ]

[ 2017-03-28T00:17:37+08:00 ] 127.0.0.1 /admin.php?c=introduce&a=edit
INFO: [ app_init ] --START--
INFO: Run Behavior\BuildLiteBehavior [ RunTime:0.000025s ]
INFO: [ app_init ] --END-- [ RunTime:0.000424s ]
INFO: [ app_begin ] --START--
INFO: Run Behavior\ReadHtmlCacheBehavior [ RunTime:0.000495s ]
INFO: [ app_begin ] --END-- [ RunTime:0.000603s ]
NOTIC: [2048] Declaration of Admin\Controller\IntroduceController::setStatus() should be compatible with Admin\Controller\CommonController::setStatus($data, $models) C:\wamp64\www\singcms\Application\Admin\Controller\IntroduceController.class.php 第 7 行.
SQL: SHOW COLUMNS FROM `cms_introduce` [ RunTime:0.0005s ]
SQL: SELECT * FROM `cms_introduce` WHERE ( introduce_id=17 ) LIMIT 1   [ RunTime:0.0003s ]
INFO: [ view_parse ] --START--
INFO: [ template_filter ] --START--
INFO: Run Behavior\ContentReplaceBehavior [ RunTime:0.000076s ]
INFO: [ template_filter ] --END-- [ RunTime:0.000184s ]
SQL: SHOW COLUMNS FROM `cms_menu` [ RunTime:0.0008s ]
SQL: SELECT * FROM `cms_menu` WHERE `status` <> -1 AND `type` = 1 ORDER BY listorder desc,menu_id desc  [ RunTime:0.0004s ]
NOTIC: [8] Undefined index: thumb C:\wamp64\www\singcms\Application\Runtime\Cache\Admin\4e9cdd78732fad6dd714afb34f5cac3a.php 第 162 行.
INFO: Run Behavior\ParseTemplateBehavior [ RunTime:0.013649s ]
INFO: [ view_parse ] --END-- [ RunTime:0.013753s ]
INFO: [ view_filter ] --START--
INFO: Run Behavior\WriteHtmlCacheBehavior [ RunTime:0.000471s ]
INFO: [ view_filter ] --END-- [ RunTime:0.000567s ]
NOTIC: [2] Cannot modify header information - headers already sent by (output started at C:\wamp64\www\singcms\Application\Admin\Controller\IntroduceController.class.php:42) C:\wamp64\www\singcms\ThinkPHP\Library\Think\View.class.php 第 91 行.
NOTIC: [2] Cannot modify header information - headers already sent by (output started at C:\wamp64\www\singcms\Application\Admin\Controller\IntroduceController.class.php:42) C:\wamp64\www\singcms\ThinkPHP\Library\Think\View.class.php 第 92 行.
NOTIC: [2] Cannot modify header information - headers already sent by (output started at C:\wamp64\www\singcms\Application\Admin\Controller\IntroduceController.class.php:42) C:\wamp64\www\singcms\ThinkPHP\Library\Think\View.class.php 第 93 行.
INFO: [ app_end ] --START--
INFO: Run Behavior\ShowPageTraceBehavior [ RunTime:0.000900s ]
INFO: [ app_end ] --END-- [ RunTime:0.001104s ]

[ 2017-03-28T00:18:50+08:00 ] 127.0.0.1 /admin.php?c=introduce&a=add
INFO: [ app_init ] --START--
INFO: Run Behavior\BuildLiteBehavior [ RunTime:0.000024s ]
INFO: [ app_init ] --END-- [ RunTime:0.000407s ]
INFO: [ app_begin ] --START--
INFO: Run Behavior\ReadHtmlCacheBehavior [ RunTime:0.000436s ]
INFO: [ app_begin ] --END-- [ RunTime:0.000531s ]
NOTIC: [2048] Declaration of Admin\Controller\IntroduceController::setStatus() should be compatible with Admin\Controller\CommonController::setStatus($data, $models) C:\wamp64\www\singcms\Application\Admin\Controller\IntroduceController.class.php 第 7 行.
SQL: SHOW COLUMNS FROM `cms_introduce` [ RunTime:0.0008s ]
SQL: UPDATE `cms_introduce` SET `content`='&lt;h3 style=&quot;color:#808080;font-family:微软雅黑;background-color:#FFFFFF;&quot;&gt;
	&lt;img width=&quot;919&quot; height=&quot;46&quot; alt=&quot;&quot; src=&quot;http://www.honhesns.com/manager/meng_k/products_pic/image/20150203170820522052.png&quot; /&gt; 
&lt;/h3&gt;
&lt;h3 style=&quot;color:#808080;font-family:微软雅黑;background-color:#FFFFFF;&quot;&gt;
	&lt;img width=&quot;1026&quot; height=&quot;445&quot; alt=&quot;&quot; src=&quot;http://www.honhesns.com/manager/meng_k/products_pic/image/20150203170487158715.jpg&quot; style=&quot;width:918px;height:401px;&quot; /&gt; 
&lt;/h3&gt;
&lt;p style=&quot;color:#808080;font-family:微软雅黑;background-color:#FFFFFF;&quot;&gt;
	&amp;nbsp; &amp;nbsp;&amp;nbsp;
&lt;/p&gt;
&lt;p style=&quot;color:#808080;font-family:微软雅黑;background-color:#FFFFFF;&quot;&gt;
	&lt;span style=&quot;font-size:18px;&quot;&gt;&amp;nbsp; &amp;nbsp;&amp;nbsp;&amp;nbsp;&lt;/span&gt;&lt;span style=&quot;font-size:18px;&quot;&gt;深圳市后河车贷作为“普惠金融”的实践者，从成立至今，一直致力于帮助广大的中小企业解决“贷款难，融资难“的问题。“有车就能来贷款”，后河车贷通过这种快捷，便利的融资方式，让金融服务实体经济，解决企业资金短缺的燃眉之急。公司目前在全国共开设分公司32家，营业部及门店40家，遍布华南、华东、华北、东北和西南五大区域的一二三线城市，已经累计帮助超过10万的客户，提供了资金周转的服务。&lt;/span&gt; 
&lt;/p&gt;
&lt;span style=&quot;color:#808080;font-family:微软雅黑;background-color:#FFFFFF;font-size:18px;&quot;&gt;&amp;nbsp; &amp;nbsp; &amp;nbsp;后河车贷以“诚信立足、专业于精、价值回报、联合共赢”为宗旨；秉承“以人为本、稳健笃实、精进开拓、创新致远”的经营理念；坚持以客户的需求为中心，全心全意为每一位客户提供一站式融资服务，是广大中小企业发展路上最值得信赖的伙伴。&lt;/span&gt;&lt;span style=&quot;color:#808080;font-family:微软雅黑;background-color:#FFFFFF;&quot;&gt;&lt;/span&gt; 
&lt;p style=&quot;color:#808080;font-family:微软雅黑;background-color:#FFFFFF;&quot;&gt;
	&lt;br /&gt;
&lt;/p&gt;
&lt;p style=&quot;color:#808080;font-family:微软雅黑;background-color:#FFFFFF;&quot;&gt;
	&lt;br /&gt;
&lt;/p&gt;
&lt;p style=&quot;color:#808080;font-family:微软雅黑;background-color:#FFFFFF;&quot;&gt;
	&lt;span style=&quot;font-size:18px;&quot;&gt;&amp;nbsp; &amp;nbsp;&amp;nbsp;&lt;span style=&quot;background-color:#FFE500;&quot;&gt;车贷产品&lt;/span&gt;:&lt;/span&gt; 
&lt;/p&gt;
&lt;p style=&quot;color:#808080;font-family:微软雅黑;background-color:#FFFFFF;&quot;&gt;
	&lt;span style=&quot;font-size:18px;&quot;&gt;&amp;nbsp; &amp;nbsp;&amp;nbsp;&lt;span&gt;押车贷&lt;/span&gt;：客户车辆需存放至安全车库保管，审核简单，当天到账。&lt;/span&gt; 
&lt;/p&gt;
&lt;p style=&quot;color:#808080;font-family:微软雅黑;background-color:#FFFFFF;&quot;&gt;
	&lt;span style=&quot;font-size:18px;&quot;&gt;&amp;nbsp; &amp;nbsp;&amp;nbsp;GPS类：办理抵押手续后，客户车辆安装GPS，可继续自由使用车辆。&lt;/span&gt; 
&lt;/p&gt;
&lt;p style=&quot;color:#808080;font-family:微软雅黑;background-color:#FFFFFF;&quot;&gt;
	&lt;br /&gt;
&lt;span style=&quot;font-size:18px;&quot;&gt;&amp;nbsp; &amp;nbsp;&amp;nbsp;&lt;span style=&quot;background-color:#FFE500;&quot;&gt;产品优势&lt;/span&gt;：&lt;/span&gt;&lt;br /&gt;
&lt;span style=&quot;font-size:18px;&quot;&gt;&amp;nbsp; &amp;nbsp; 门槛低：有车就能贷，车辆无地域限制；&lt;/span&gt; 
&lt;/p&gt;
&lt;p style=&quot;color:#808080;font-family:微软雅黑;background-color:#FFFFFF;&quot;&gt;
	&lt;span style=&quot;font-size:18px;&quot;&gt;&amp;nbsp; &amp;nbsp; 额度高：最高可借车辆评估值的100%；&lt;/span&gt; 
&lt;/p&gt;
&lt;p style=&quot;color:#808080;font-family:微软雅黑;background-color:#FFFFFF;&quot;&gt;
	&lt;span style=&quot;font-size:18px;&quot;&gt;&amp;nbsp; &amp;nbsp; 速度快：最快2小时完成审核；&lt;/span&gt; 
&lt;/p&gt;
&lt;p style=&quot;color:#808080;font-family:微软雅黑;background-color:#FFFFFF;&quot;&gt;
	&lt;span style=&quot;font-size:18px;&quot;&gt;&amp;nbsp; &amp;nbsp; 费率低：费率低于市场平均水平，收费诚信透明；&lt;/span&gt; 
&lt;/p&gt;
&lt;p style=&quot;color:#808080;font-family:微软雅黑;background-color:#FFFFFF;&quot;&gt;
	&lt;span style=&quot;font-size:18px;&quot;&gt;&amp;nbsp; &amp;nbsp; 期限灵活：自主选择还款期限，还款压力小，可续贷；&lt;/span&gt; 
&lt;/p&gt;
&lt;p style=&quot;color:#808080;font-family:微软雅黑;background-color:#FFFFFF;&quot;&gt;
	&lt;span style=&quot;font-size:18px;line-height:1.5;&quot;&gt;&amp;nbsp; &amp;nbsp;&amp;nbsp;品牌信誉：后河车贷是车贷行业的领航者，普惠金融践行者。公司网点遍布全国，&amp;nbsp;&amp;nbsp;累计放款额已超过40亿元，帮助广大的中小企业主解决了融资难题，深受客户好评。更新时间测试&lt;/span&gt;
&lt;/p&gt;
&lt;p style=&quot;color:#808080;font-family:微软雅黑;background-color:#FFFFFF;&quot;&gt;
	&amp;nbsp;
&lt;/p&gt;',`update_time`='1490631530' WHERE ( introduce_id=17 ) [ RunTime:0.0007s ]

[ 2017-03-28T00:18:51+08:00 ] 127.0.0.1 /admin.php?c=content
INFO: [ app_init ] --START--
INFO: Run Behavior\BuildLiteBehavior [ RunTime:0.000051s ]
INFO: [ app_init ] --END-- [ RunTime:0.000774s ]
INFO: [ app_begin ] --START--
INFO: Run Behavior\ReadHtmlCacheBehavior [ RunTime:0.000960s ]
INFO: [ app_begin ] --END-- [ RunTime:0.001194s ]
NOTIC: [2048] Declaration of Admin\Controller\ContentController::setStatus() should be compatible with Admin\Controller\CommonController::setStatus($data, $models) C:\wamp64\www\singcms\Application\Admin\Controller\ContentController.class.php 第 10 行.
NOTIC: [8] Undefined index: title C:\wamp64\www\singcms\Application\Admin\Controller\ContentController.class.php 第 25 行.
NOTIC: [8] Undefined index: catid C:\wamp64\www\singcms\Application\Admin\Controller\ContentController.class.php 第 31 行.
NOTIC: [8] Undefined index: position_id C:\wamp64\www\singcms\Application\Admin\Controller\ContentController.class.php 第 36 行.
SQL: SHOW COLUMNS FROM `cms_menu` [ RunTime:0.0007s ]
SQL: SELECT * FROM `cms_menu` WHERE `status` <> -1 AND `type` = 0 ORDER BY listorder desc,menu_id desc  [ RunTime:0.0005s ]
NOTIC: [8] Undefined index: p C:\wamp64\www\singcms\Application\Admin\Controller\ContentController.class.php 第 44 行.
NOTIC: [8] Undefined index: pageSize C:\wamp64\www\singcms\Application\Admin\Controller\ContentController.class.php 第 45 行.
SQL: SHOW COLUMNS FROM `cms_news` [ RunTime:0.0011s ]
SQL: SELECT * FROM `cms_news` WHERE `status` <> -1 ORDER BY listorder desc,news_id desc LIMIT 0,5   [ RunTime:0.0006s ]
SQL: SHOW COLUMNS FROM `cms_position` [ RunTime:0.0018s ]
SQL: SELECT * FROM `cms_position` WHERE `status` <> -1 ORDER BY id desc  [ RunTime:0.0005s ]
SQL: SELECT COUNT(*) AS tp_count FROM `cms_news` WHERE `status` <> -1 LIMIT 1   [ RunTime:0.0003s ]
INFO: [ view_parse ] --START--
INFO: [ template_filter ] --START--
INFO: Run Behavior\ContentReplaceBehavior [ RunTime:0.000190s ]
INFO: [ template_filter ] --END-- [ RunTime:0.000457s ]
SQL: SELECT * FROM `cms_menu` WHERE `status` <> -1 AND `type` = 1 ORDER BY listorder desc,menu_id desc  [ RunTime:0.0004s ]
NOTIC: [8] Undefined variable: catid C:\wamp64\www\singcms\Application\Runtime\Cache\Admin\ccc9ced3ad798311a07cb47b740981c5.php 第 116 行.
NOTIC: [8] Undefined variable: catid C:\wamp64\www\singcms\Application\Runtime\Cache\Admin\ccc9ced3ad798311a07cb47b740981c5.php 第 116 行.
NOTIC: [8] Undefined variable: catid C:\wamp64\www\singcms\Application\Runtime\Cache\Admin\ccc9ced3ad798311a07cb47b740981c5.php 第 116 行.
NOTIC: [8] Undefined variable: catid C:\wamp64\www\singcms\Application\Runtime\Cache\Admin\ccc9ced3ad798311a07cb47b740981c5.php 第 116 行.
NOTIC: [8] Undefined variable: title C:\wamp64\www\singcms\Application\Runtime\Cache\Admin\ccc9ced3ad798311a07cb47b740981c5.php 第 125 行.
NOTIC: [8] Undefined variable: position_id C:\wamp64\www\singcms\Application\Runtime\Cache\Admin\ccc9ced3ad798311a07cb47b740981c5.php 第 197 行.
NOTIC: [8] Undefined variable: position_id C:\wamp64\www\singcms\Application\Runtime\Cache\Admin\ccc9ced3ad798311a07cb47b740981c5.php 第 197 行.
NOTIC: [8] Undefined variable: position_id C:\wamp64\www\singcms\Application\Runtime\Cache\Admin\ccc9ced3ad798311a07cb47b740981c5.php 第 197 行.
INFO: Run Behavior\ParseTemplateBehavior [ RunTime:0.020749s ]
INFO: [ view_parse ] --END-- [ RunTime:0.020871s ]
INFO: [ view_filter ] --START--
INFO: Run Behavior\WriteHtmlCacheBehavior [ RunTime:0.000523s ]
INFO: [ view_filter ] --END-- [ RunTime:0.000641s ]
INFO: [ app_end ] --START--
INFO: Run Behavior\ShowPageTraceBehavior [ RunTime:0.000790s ]
INFO: [ app_end ] --END-- [ RunTime:0.000954s ]

[ 2017-03-28T00:18:53+08:00 ] 127.0.0.1 /admin.php?c=position&a=index
INFO: [ app_init ] --START--
INFO: Run Behavior\BuildLiteBehavior [ RunTime:0.000023s ]
INFO: [ app_init ] --END-- [ RunTime:0.000339s ]
INFO: [ app_begin ] --START--
INFO: Run Behavior\ReadHtmlCacheBehavior [ RunTime:0.000458s ]
INFO: [ app_begin ] --END-- [ RunTime:0.000566s ]
NOTIC: [2048] Declaration of Admin\Controller\PositionController::setStatus() should be compatible with Admin\Controller\CommonController::setStatus($data, $models) C:\wamp64\www\singcms\Application\Admin\Controller\PositionController.class.php 第 7 行.
NOTIC: [8] Undefined index: p C:\wamp64\www\singcms\Application\Admin\Controller\PositionController.class.php 第 12 行.
NOTIC: [8] Undefined index: pageSize C:\wamp64\www\singcms\Application\Admin\Controller\PositionController.class.php 第 13 行.
SQL: SHOW COLUMNS FROM `cms_position` [ RunTime:0.0013s ]
SQL: SELECT * FROM `cms_position` WHERE `status` <> -1 ORDER BY id desc LIMIT 0,10   [ RunTime:0.0004s ]
SQL: SELECT COUNT(*) AS tp_count FROM `cms_position` WHERE `status` <> -1 LIMIT 1   [ RunTime:0.0002s ]
INFO: [ view_parse ] --START--
INFO: [ template_filter ] --START--
INFO: Run Behavior\ContentReplaceBehavior [ RunTime:0.000198s ]
INFO: [ template_filter ] --END-- [ RunTime:0.000432s ]
SQL: SHOW COLUMNS FROM `cms_menu` [ RunTime:0.0007s ]
SQL: SELECT * FROM `cms_menu` WHERE `status` <> -1 AND `type` = 1 ORDER BY listorder desc,menu_id desc  [ RunTime:0.0003s ]
INFO: Run Behavior\ParseTemplateBehavior [ RunTime:0.021583s ]
INFO: [ view_parse ] --END-- [ RunTime:0.021791s ]
INFO: [ view_filter ] --START--
INFO: Run Behavior\WriteHtmlCacheBehavior [ RunTime:0.000637s ]
INFO: [ view_filter ] --END-- [ RunTime:0.000790s ]
INFO: [ app_end ] --START--
INFO: Run Behavior\ShowPageTraceBehavior [ RunTime:0.000835s ]
INFO: [ app_end ] --END-- [ RunTime:0.000993s ]

[ 2017-03-28T00:18:54+08:00 ] 127.0.0.1 /admin.php?c=positioncontent&a=index
INFO: [ app_init ] --START--
INFO: Run Behavior\BuildLiteBehavior [ RunTime:0.000024s ]
INFO: [ app_init ] --END-- [ RunTime:0.000346s ]
INFO: [ app_begin ] --START--
INFO: Run Behavior\ReadHtmlCacheBehavior [ RunTime:0.000465s ]
INFO: [ app_begin ] --END-- [ RunTime:0.000593s ]
NOTIC: [2048] Declaration of Admin\Controller\PositioncontentController::setStatus() should be compatible with Admin\Controller\CommonController::setStatus($data, $models) C:\wamp64\www\singcms\Application\Admin\Controller\PositioncontentController.class.php 第 7 行.
NOTIC: [8] Undefined index: title C:\wamp64\www\singcms\Application\Admin\Controller\PositioncontentController.class.php 第 12 行.
NOTIC: [8] Undefined index: position_id C:\wamp64\www\singcms\Application\Admin\Controller\PositioncontentController.class.php 第 18 行.
SQL: SHOW COLUMNS FROM `cms_position` [ RunTime:0.0008s ]
SQL: SELECT * FROM `cms_position` WHERE `status` <> -1 ORDER BY id desc  [ RunTime:0.0003s ]
NOTIC: [8] Undefined index: p C:\wamp64\www\singcms\Application\Admin\Controller\PositioncontentController.class.php 第 28 行.
NOTIC: [8] Undefined index: pageSize C:\wamp64\www\singcms\Application\Admin\Controller\PositioncontentController.class.php 第 29 行.
SQL: SHOW COLUMNS FROM `cms_position_content` [ RunTime:0.0008s ]
SQL: SELECT * FROM `cms_position_content` WHERE `status` <> -1 ORDER BY listorder desc,id desc LIMIT 0,5   [ RunTime:0.0004s ]
SQL: SELECT COUNT(*) AS tp_count FROM `cms_position_content` WHERE `status` <> -1 LIMIT 1   [ RunTime:0.0002s ]
INFO: [ view_parse ] --START--
INFO: [ template_filter ] --START--
INFO: Run Behavior\ContentReplaceBehavior [ RunTime:0.000103s ]
INFO: [ template_filter ] --END-- [ RunTime:0.000238s ]
SQL: SHOW COLUMNS FROM `cms_menu` [ RunTime:0.0006s ]
SQL: SELECT * FROM `cms_menu` WHERE `status` <> -1 AND `type` = 1 ORDER BY listorder desc,menu_id desc  [ RunTime:0.0006s ]
NOTIC: [8] Undefined variable: position_id C:\wamp64\www\singcms\Application\Runtime\Cache\Admin\b8a8b9d170e6c07d7b463ea02385894d.php 第 114 行.
NOTIC: [8] Undefined variable: position_id C:\wamp64\www\singcms\Application\Runtime\Cache\Admin\b8a8b9d170e6c07d7b463ea02385894d.php 第 114 行.
NOTIC: [8] Undefined variable: position_id C:\wamp64\www\singcms\Application\Runtime\Cache\Admin\b8a8b9d170e6c07d7b463ea02385894d.php 第 114 行.
NOTIC: [8] Undefined variable: title C:\wamp64\www\singcms\Application\Runtime\Cache\Admin\b8a8b9d170e6c07d7b463ea02385894d.php 第 122 行.
SQL: SELECT * FROM `cms_position` WHERE ( id=3 ) LIMIT 1   [ RunTime:0.0004s ]
SQL: SELECT * FROM `cms_position` WHERE ( id=5 ) LIMIT 1   [ RunTime:0.0003s ]
SQL: SELECT * FROM `cms_position` WHERE ( id=5 ) LIMIT 1   [ RunTime:0.0003s ]
SQL: SELECT * FROM `cms_position` WHERE ( id=3 ) LIMIT 1   [ RunTime:0.0003s ]
SQL: SELECT * FROM `cms_position` WHERE ( id=3 ) LIMIT 1   [ RunTime:0.0002s ]
INFO: Run Behavior\ParseTemplateBehavior [ RunTime:0.021503s ]
INFO: [ view_parse ] --END-- [ RunTime:0.021664s ]
INFO: [ view_filter ] --START--
INFO: Run Behavior\WriteHtmlCacheBehavior [ RunTime:0.001106s ]
INFO: [ view_filter ] --END-- [ RunTime:0.001306s ]
INFO: [ app_end ] --START--
INFO: Run Behavior\ShowPageTraceBehavior [ RunTime:0.001616s ]
INFO: [ app_end ] --END-- [ RunTime:0.001944s ]

[ 2017-03-28T00:18:54+08:00 ] 127.0.0.1 /admin.php?c=position&a=index
INFO: [ app_init ] --START--
INFO: Run Behavior\BuildLiteBehavior [ RunTime:0.000025s ]
INFO: [ app_init ] --END-- [ RunTime:0.000346s ]
INFO: [ app_begin ] --START--
INFO: Run Behavior\ReadHtmlCacheBehavior [ RunTime:0.000450s ]
INFO: [ app_begin ] --END-- [ RunTime:0.000579s ]
NOTIC: [2048] Declaration of Admin\Controller\PositionController::setStatus() should be compatible with Admin\Controller\CommonController::setStatus($data, $models) C:\wamp64\www\singcms\Application\Admin\Controller\PositionController.class.php 第 7 行.
NOTIC: [8] Undefined index: p C:\wamp64\www\singcms\Application\Admin\Controller\PositionController.class.php 第 12 行.
NOTIC: [8] Undefined index: pageSize C:\wamp64\www\singcms\Application\Admin\Controller\PositionController.class.php 第 13 行.
SQL: SHOW COLUMNS FROM `cms_position` [ RunTime:0.0005s ]
SQL: SELECT * FROM `cms_position` WHERE `status` <> -1 ORDER BY id desc LIMIT 0,10   [ RunTime:0.0004s ]
SQL: SELECT COUNT(*) AS tp_count FROM `cms_position` WHERE `status` <> -1 LIMIT 1   [ RunTime:0.0003s ]
INFO: [ view_parse ] --START--
INFO: [ template_filter ] --START--
INFO: Run Behavior\ContentReplaceBehavior [ RunTime:0.000089s ]
INFO: [ template_filter ] --END-- [ RunTime:0.000196s ]
SQL: SHOW COLUMNS FROM `cms_menu` [ RunTime:0.0011s ]
SQL: SELECT * FROM `cms_menu` WHERE `status` <> -1 AND `type` = 1 ORDER BY listorder desc,menu_id desc  [ RunTime:0.0003s ]
INFO: Run Behavior\ParseTemplateBehavior [ RunTime:0.017334s ]
INFO: [ view_parse ] --END-- [ RunTime:0.017467s ]
INFO: [ view_filter ] --START--
INFO: Run Behavior\WriteHtmlCacheBehavior [ RunTime:0.000469s ]
INFO: [ view_filter ] --END-- [ RunTime:0.000565s ]
INFO: [ app_end ] --START--
INFO: Run Behavior\ShowPageTraceBehavior [ RunTime:0.000763s ]
INFO: [ app_end ] --END-- [ RunTime:0.000914s ]

[ 2017-03-28T00:18:55+08:00 ] 127.0.0.1 /admin.php?c=introduce&a=edit
INFO: [ app_init ] --START--
INFO: Run Behavior\BuildLiteBehavior [ RunTime:0.000051s ]
INFO: [ app_init ] --END-- [ RunTime:0.000688s ]
INFO: [ app_begin ] --START--
INFO: Run Behavior\ReadHtmlCacheBehavior [ RunTime:0.000722s ]
INFO: [ app_begin ] --END-- [ RunTime:0.000928s ]
NOTIC: [2048] Declaration of Admin\Controller\IntroduceController::setStatus() should be compatible with Admin\Controller\CommonController::setStatus($data, $models) C:\wamp64\www\singcms\Application\Admin\Controller\IntroduceController.class.php 第 7 行.
SQL: SHOW COLUMNS FROM `cms_introduce` [ RunTime:0.0018s ]
SQL: SELECT * FROM `cms_introduce` WHERE ( introduce_id=17 ) LIMIT 1   [ RunTime:0.0004s ]
INFO: [ view_parse ] --START--
INFO: [ template_filter ] --START--
INFO: Run Behavior\ContentReplaceBehavior [ RunTime:0.000126s ]
INFO: [ template_filter ] --END-- [ RunTime:0.000309s ]
SQL: SHOW COLUMNS FROM `cms_menu` [ RunTime:0.0006s ]
SQL: SELECT * FROM `cms_menu` WHERE `status` <> -1 AND `type` = 1 ORDER BY listorder desc,menu_id desc  [ RunTime:0.0004s ]
NOTIC: [8] Undefined index: thumb C:\wamp64\www\singcms\Application\Runtime\Cache\Admin\4e9cdd78732fad6dd714afb34f5cac3a.php 第 162 行.
INFO: Run Behavior\ParseTemplateBehavior [ RunTime:0.015775s ]
INFO: [ view_parse ] --END-- [ RunTime:0.015949s ]
INFO: [ view_filter ] --START--
INFO: Run Behavior\WriteHtmlCacheBehavior [ RunTime:0.000507s ]
INFO: [ view_filter ] --END-- [ RunTime:0.000631s ]
INFO: [ app_end ] --START--
INFO: Run Behavior\ShowPageTraceBehavior [ RunTime:0.000898s ]
INFO: [ app_end ] --END-- [ RunTime:0.001082s ]

[ 2017-03-28T00:20:56+08:00 ] 127.0.0.1 /admin.php?c=content&a=index
INFO: [ app_init ] --START--
INFO: Run Behavior\BuildLiteBehavior [ RunTime:0.000041s ]
INFO: [ app_init ] --END-- [ RunTime:0.001243s ]
INFO: [ app_begin ] --START--
INFO: Run Behavior\ReadHtmlCacheBehavior [ RunTime:0.000779s ]
INFO: [ app_begin ] --END-- [ RunTime:0.000944s ]
NOTIC: [2048] Declaration of Admin\Controller\ContentController::setStatus() should be compatible with Admin\Controller\CommonController::setStatus($data, $models) C:\wamp64\www\singcms\Application\Admin\Controller\ContentController.class.php 第 10 行.
NOTIC: [8] Undefined index: title C:\wamp64\www\singcms\Application\Admin\Controller\ContentController.class.php 第 25 行.
NOTIC: [8] Undefined index: catid C:\wamp64\www\singcms\Application\Admin\Controller\ContentController.class.php 第 31 行.
NOTIC: [8] Undefined index: position_id C:\wamp64\www\singcms\Application\Admin\Controller\ContentController.class.php 第 36 行.
SQL: SHOW COLUMNS FROM `cms_menu` [ RunTime:0.0006s ]
SQL: SELECT * FROM `cms_menu` WHERE `status` <> -1 AND `type` = 0 ORDER BY listorder desc,menu_id desc  [ RunTime:0.0003s ]
NOTIC: [8] Undefined index: p C:\wamp64\www\singcms\Application\Admin\Controller\ContentController.class.php 第 44 行.
NOTIC: [8] Undefined index: pageSize C:\wamp64\www\singcms\Application\Admin\Controller\ContentController.class.php 第 45 行.
SQL: SHOW COLUMNS FROM `cms_news` [ RunTime:0.0019s ]
SQL: SELECT * FROM `cms_news` WHERE `status` <> -1 ORDER BY listorder desc,news_id desc LIMIT 0,5   [ RunTime:0.0005s ]
SQL: SHOW COLUMNS FROM `cms_position` [ RunTime:0.0008s ]
SQL: SELECT * FROM `cms_position` WHERE `status` <> -1 ORDER BY id desc  [ RunTime:0.0003s ]
SQL: SELECT COUNT(*) AS tp_count FROM `cms_news` WHERE `status` <> -1 LIMIT 1   [ RunTime:0.0002s ]
INFO: [ view_parse ] --START--
INFO: [ template_filter ] --START--
INFO: Run Behavior\ContentReplaceBehavior [ RunTime:0.000093s ]
INFO: [ template_filter ] --END-- [ RunTime:0.000198s ]
SQL: SELECT * FROM `cms_menu` WHERE `status` <> -1 AND `type` = 1 ORDER BY listorder desc,menu_id desc  [ RunTime:0.0004s ]
NOTIC: [8] Undefined variable: catid C:\wamp64\www\singcms\Application\Runtime\Cache\Admin\ccc9ced3ad798311a07cb47b740981c5.php 第 116 行.
NOTIC: [8] Undefined variable: catid C:\wamp64\www\singcms\Application\Runtime\Cache\Admin\ccc9ced3ad798311a07cb47b740981c5.php 第 116 行.
NOTIC: [8] Undefined variable: catid C:\wamp64\www\singcms\Application\Runtime\Cache\Admin\ccc9ced3ad798311a07cb47b740981c5.php 第 116 行.
NOTIC: [8] Undefined variable: catid C:\wamp64\www\singcms\Application\Runtime\Cache\Admin\ccc9ced3ad798311a07cb47b740981c5.php 第 116 行.
NOTIC: [8] Undefined variable: title C:\wamp64\www\singcms\Application\Runtime\Cache\Admin\ccc9ced3ad798311a07cb47b740981c5.php 第 125 行.
NOTIC: [8] Undefined variable: position_id C:\wamp64\www\singcms\Application\Runtime\Cache\Admin\ccc9ced3ad798311a07cb47b740981c5.php 第 197 行.
NOTIC: [8] Undefined variable: position_id C:\wamp64\www\singcms\Application\Runtime\Cache\Admin\ccc9ced3ad798311a07cb47b740981c5.php 第 197 行.
NOTIC: [8] Undefined variable: position_id C:\wamp64\www\singcms\Application\Runtime\Cache\Admin\ccc9ced3ad798311a07cb47b740981c5.php 第 197 行.
INFO: Run Behavior\ParseTemplateBehavior [ RunTime:0.016788s ]
INFO: [ view_parse ] --END-- [ RunTime:0.016893s ]
INFO: [ view_filter ] --START--
INFO: Run Behavior\WriteHtmlCacheBehavior [ RunTime:0.000518s ]
INFO: [ view_filter ] --END-- [ RunTime:0.000614s ]
INFO: [ app_end ] --START--
INFO: Run Behavior\ShowPageTraceBehavior [ RunTime:0.000717s ]
INFO: [ app_end ] --END-- [ RunTime:0.000860s ]

[ 2017-03-28T00:20:57+08:00 ] 127.0.0.1 /admin.php?c=content&a=add
INFO: [ app_init ] --START--
INFO: Run Behavior\BuildLiteBehavior [ RunTime:0.000039s ]
INFO: [ app_init ] --END-- [ RunTime:0.000448s ]
INFO: [ app_begin ] --START--
INFO: Run Behavior\ReadHtmlCacheBehavior [ RunTime:0.000503s ]
INFO: [ app_begin ] --END-- [ RunTime:0.000612s ]
NOTIC: [2048] Declaration of Admin\Controller\ContentController::setStatus() should be compatible with Admin\Controller\CommonController::setStatus($data, $models) C:\wamp64\www\singcms\Application\Admin\Controller\ContentController.class.php 第 10 行.
SQL: SHOW COLUMNS FROM `cms_menu` [ RunTime:0.0006s ]
SQL: SELECT * FROM `cms_menu` WHERE `status` <> -1 AND `type` = 0 ORDER BY listorder desc,menu_id desc  [ RunTime:0.0003s ]
INFO: [ view_parse ] --START--
INFO: [ template_filter ] --START--
INFO: Run Behavior\ContentReplaceBehavior [ RunTime:0.000147s ]
INFO: [ template_filter ] --END-- [ RunTime:0.000417s ]
SQL: SELECT * FROM `cms_menu` WHERE `status` <> -1 AND `type` = 1 ORDER BY listorder desc,menu_id desc  [ RunTime:0.0005s ]
INFO: Run Behavior\ParseTemplateBehavior [ RunTime:0.018151s ]
INFO: [ view_parse ] --END-- [ RunTime:0.018285s ]
INFO: [ view_filter ] --START--
INFO: Run Behavior\WriteHtmlCacheBehavior [ RunTime:0.000657s ]
INFO: [ view_filter ] --END-- [ RunTime:0.000816s ]
INFO: [ app_end ] --START--
INFO: Run Behavior\ShowPageTraceBehavior [ RunTime:0.001058s ]
INFO: [ app_end ] --END-- [ RunTime:0.001268s ]

[ 2017-03-28T00:21:15+08:00 ] 127.0.0.1 /admin.php?c=image&a=ajaxuploadimage
INFO: [ app_init ] --START--
INFO: Run Behavior\BuildLiteBehavior [ RunTime:0.000041s ]
INFO: [ app_init ] --END-- [ RunTime:0.000584s ]
INFO: [ app_begin ] --START--
INFO: Run Behavior\ReadHtmlCacheBehavior [ RunTime:0.000755s ]
INFO: [ app_begin ] --END-- [ RunTime:0.000887s ]
NOTIC: [8] Use of undefined constant Y - assumed 'Y' C:\wamp64\www\singcms\Application\Common\Model\UploadImageModel.class.php 第 19 行.
NOTIC: [8] Use of undefined constant m - assumed 'm' C:\wamp64\www\singcms\Application\Common\Model\UploadImageModel.class.php 第 19 行.
NOTIC: [8] Use of undefined constant d - assumed 'd' C:\wamp64\www\singcms\Application\Common\Model\UploadImageModel.class.php 第 19 行.
NOTIC: [2] call_user_func() expects parameter 1 to be a valid callback, no array or string given C:\wamp64\www\singcms\ThinkPHP\Library\Think\Upload.class.php 第 170 行.

[ 2017-03-28T00:21:21+08:00 ] 127.0.0.1 /admin.php?c=content&a=add
INFO: [ app_init ] --START--
INFO: Run Behavior\BuildLiteBehavior [ RunTime:0.000026s ]
INFO: [ app_init ] --END-- [ RunTime:0.000632s ]
INFO: [ app_begin ] --START--
INFO: Run Behavior\ReadHtmlCacheBehavior [ RunTime:0.001875s ]
INFO: [ app_begin ] --END-- [ RunTime:0.002032s ]
NOTIC: [2048] Declaration of Admin\Controller\ContentController::setStatus() should be compatible with Admin\Controller\CommonController::setStatus($data, $models) C:\wamp64\www\singcms\Application\Admin\Controller\ContentController.class.php 第 10 行.

[ 2017-03-28T00:21:27+08:00 ] 127.0.0.1 /admin.php?c=content&a=add
INFO: [ app_init ] --START--
INFO: Run Behavior\BuildLiteBehavior [ RunTime:0.000038s ]
INFO: [ app_init ] --END-- [ RunTime:0.000968s ]
INFO: [ app_begin ] --START--
INFO: Run Behavior\ReadHtmlCacheBehavior [ RunTime:0.001481s ]
INFO: [ app_begin ] --END-- [ RunTime:0.001640s ]
NOTIC: [2048] Declaration of Admin\Controller\ContentController::setStatus() should be compatible with Admin\Controller\CommonController::setStatus($data, $models) C:\wamp64\www\singcms\Application\Admin\Controller\ContentController.class.php 第 10 行.
NOTIC: [8] Undefined index: news_id C:\wamp64\www\singcms\Application\Admin\Controller\ContentController.class.php 第 77 行.
SQL: SHOW COLUMNS FROM `cms_news` [ RunTime:0.0014s ]
SQL: INSERT INTO `cms_news` (`title`,`small_title`,`thumb`,`title_font_color`,`catid`,`copyfrom`,`description`,`keywords`,`create_time`,`username`) VALUES ('文章时间测试','文章时间测试','/upload/2017/03/28/58d93bfb0ca71.jpg','','3','0','啊萨达四大','阿斯达','1490631687','admin') [ RunTime:0.0005s ]
SQL: SHOW COLUMNS FROM `cms_news_content` [ RunTime:0.0019s ]
SQL: INSERT INTO `cms_news_content` (`content`,`news_id`,`create_time`) VALUES ('啊萨达四大','27','1490631687') [ RunTime:0.0005s ]

[ 2017-03-28T00:21:28+08:00 ] 127.0.0.1 /admin.php?c=content
INFO: [ app_init ] --START--
INFO: Run Behavior\BuildLiteBehavior [ RunTime:0.000041s ]
INFO: [ app_init ] --END-- [ RunTime:0.000900s ]
INFO: [ app_begin ] --START--
INFO: Run Behavior\ReadHtmlCacheBehavior [ RunTime:0.003040s ]
INFO: [ app_begin ] --END-- [ RunTime:0.003242s ]
NOTIC: [2048] Declaration of Admin\Controller\ContentController::setStatus() should be compatible with Admin\Controller\CommonController::setStatus($data, $models) C:\wamp64\www\singcms\Application\Admin\Controller\ContentController.class.php 第 10 行.
NOTIC: [8] Undefined index: title C:\wamp64\www\singcms\Application\Admin\Controller\ContentController.class.php 第 25 行.
NOTIC: [8] Undefined index: catid C:\wamp64\www\singcms\Application\Admin\Controller\ContentController.class.php 第 31 行.
NOTIC: [8] Undefined index: position_id C:\wamp64\www\singcms\Application\Admin\Controller\ContentController.class.php 第 36 行.
SQL: SHOW COLUMNS FROM `cms_menu` [ RunTime:0.0009s ]
SQL: SELECT * FROM `cms_menu` WHERE `status` <> -1 AND `type` = 0 ORDER BY listorder desc,menu_id desc  [ RunTime:0.0004s ]
NOTIC: [8] Undefined index: p C:\wamp64\www\singcms\Application\Admin\Controller\ContentController.class.php 第 44 行.
NOTIC: [8] Undefined index: pageSize C:\wamp64\www\singcms\Application\Admin\Controller\ContentController.class.php 第 45 行.
SQL: SHOW COLUMNS FROM `cms_news` [ RunTime:0.0006s ]
SQL: SELECT * FROM `cms_news` WHERE `status` <> -1 ORDER BY listorder desc,news_id desc LIMIT 0,5   [ RunTime:0.0004s ]
SQL: SHOW COLUMNS FROM `cms_position` [ RunTime:0.0005s ]
SQL: SELECT * FROM `cms_position` WHERE `status` <> -1 ORDER BY id desc  [ RunTime:0.0004s ]
SQL: SELECT COUNT(*) AS tp_count FROM `cms_news` WHERE `status` <> -1 LIMIT 1   [ RunTime:0.0003s ]
INFO: [ view_parse ] --START--
INFO: [ template_filter ] --START--
INFO: Run Behavior\ContentReplaceBehavior [ RunTime:0.000094s ]
INFO: [ template_filter ] --END-- [ RunTime:0.000199s ]
SQL: SELECT * FROM `cms_menu` WHERE `status` <> -1 AND `type` = 1 ORDER BY listorder desc,menu_id desc  [ RunTime:0.0007s ]
NOTIC: [8] Undefined variable: catid C:\wamp64\www\singcms\Application\Runtime\Cache\Admin\ccc9ced3ad798311a07cb47b740981c5.php 第 116 行.
NOTIC: [8] Undefined variable: catid C:\wamp64\www\singcms\Application\Runtime\Cache\Admin\ccc9ced3ad798311a07cb47b740981c5.php 第 116 行.
NOTIC: [8] Undefined variable: catid C:\wamp64\www\singcms\Application\Runtime\Cache\Admin\ccc9ced3ad798311a07cb47b740981c5.php 第 116 行.
NOTIC: [8] Undefined variable: catid C:\wamp64\www\singcms\Application\Runtime\Cache\Admin\ccc9ced3ad798311a07cb47b740981c5.php 第 116 行.
NOTIC: [8] Undefined variable: title C:\wamp64\www\singcms\Application\Runtime\Cache\Admin\ccc9ced3ad798311a07cb47b740981c5.php 第 125 行.
NOTIC: [8] Undefined variable: position_id C:\wamp64\www\singcms\Application\Runtime\Cache\Admin\ccc9ced3ad798311a07cb47b740981c5.php 第 197 行.
NOTIC: [8] Undefined variable: position_id C:\wamp64\www\singcms\Application\Runtime\Cache\Admin\ccc9ced3ad798311a07cb47b740981c5.php 第 197 行.
NOTIC: [8] Undefined variable: position_id C:\wamp64\www\singcms\Application\Runtime\Cache\Admin\ccc9ced3ad798311a07cb47b740981c5.php 第 197 行.
INFO: Run Behavior\ParseTemplateBehavior [ RunTime:0.020798s ]
INFO: [ view_parse ] --END-- [ RunTime:0.020903s ]
INFO: [ view_filter ] --START--
INFO: Run Behavior\WriteHtmlCacheBehavior [ RunTime:0.001216s ]
INFO: [ view_filter ] --END-- [ RunTime:0.001325s ]
INFO: [ app_end ] --START--
INFO: Run Behavior\ShowPageTraceBehavior [ RunTime:0.001933s ]
INFO: [ app_end ] --END-- [ RunTime:0.002092s ]

[ 2017-03-28T00:23:50+08:00 ] 127.0.0.1 /admin.php?c=introduce&a=edit
INFO: [ app_init ] --START--
INFO: Run Behavior\BuildLiteBehavior [ RunTime:0.000027s ]
INFO: [ app_init ] --END-- [ RunTime:0.000537s ]
INFO: [ app_begin ] --START--
INFO: Run Behavior\ReadHtmlCacheBehavior [ RunTime:0.000591s ]
INFO: [ app_begin ] --END-- [ RunTime:0.000716s ]
NOTIC: [2048] Declaration of Admin\Controller\IntroduceController::setStatus() should be compatible with Admin\Controller\CommonController::setStatus($data, $models) C:\wamp64\www\singcms\Application\Admin\Controller\IntroduceController.class.php 第 7 行.
SQL: SHOW COLUMNS FROM `cms_introduce` [ RunTime:0.0006s ]
SQL: SELECT * FROM `cms_introduce` WHERE ( introduce_id=17 ) LIMIT 1   [ RunTime:0.0003s ]
INFO: [ view_parse ] --START--
INFO: [ template_filter ] --START--
INFO: Run Behavior\ContentReplaceBehavior [ RunTime:0.000078s ]
INFO: [ template_filter ] --END-- [ RunTime:0.000189s ]
SQL: SHOW COLUMNS FROM `cms_menu` [ RunTime:0.0007s ]
SQL: SELECT * FROM `cms_menu` WHERE `status` <> -1 AND `type` = 1 ORDER BY listorder desc,menu_id desc  [ RunTime:0.0003s ]
NOTIC: [8] Undefined index: thumb C:\wamp64\www\singcms\Application\Runtime\Cache\Admin\4e9cdd78732fad6dd714afb34f5cac3a.php 第 162 行.
INFO: Run Behavior\ParseTemplateBehavior [ RunTime:0.019186s ]
INFO: [ view_parse ] --END-- [ RunTime:0.019302s ]
INFO: [ view_filter ] --START--
INFO: Run Behavior\WriteHtmlCacheBehavior [ RunTime:0.000539s ]
INFO: [ view_filter ] --END-- [ RunTime:0.000688s ]
INFO: [ app_end ] --START--
INFO: Run Behavior\ShowPageTraceBehavior [ RunTime:0.001005s ]
INFO: [ app_end ] --END-- [ RunTime:0.001210s ]

[ 2017-03-28T00:23:54+08:00 ] 127.0.0.1 /admin.php?c=introduce&a=add
INFO: [ app_init ] --START--
INFO: Run Behavior\BuildLiteBehavior [ RunTime:0.000038s ]
INFO: [ app_init ] --END-- [ RunTime:0.000477s ]
INFO: [ app_begin ] --START--
INFO: Run Behavior\ReadHtmlCacheBehavior [ RunTime:0.000564s ]
INFO: [ app_begin ] --END-- [ RunTime:0.000655s ]
NOTIC: [2048] Declaration of Admin\Controller\IntroduceController::setStatus() should be compatible with Admin\Controller\CommonController::setStatus($data, $models) C:\wamp64\www\singcms\Application\Admin\Controller\IntroduceController.class.php 第 7 行.
SQL: SHOW COLUMNS FROM `cms_introduce` [ RunTime:0.0006s ]
SQL: UPDATE `cms_introduce` SET `content`='&lt;h3 style=&quot;color:#808080;font-family:微软雅黑;background-color:#FFFFFF;&quot;&gt;
	&lt;img width=&quot;919&quot; height=&quot;46&quot; alt=&quot;&quot; src=&quot;http://www.honhesns.com/manager/meng_k/products_pic/image/20150203170820522052.png&quot; /&gt; 
&lt;/h3&gt;
&lt;h3 style=&quot;color:#808080;font-family:微软雅黑;background-color:#FFFFFF;&quot;&gt;
	&lt;img width=&quot;1026&quot; height=&quot;445&quot; alt=&quot;&quot; src=&quot;http://www.honhesns.com/manager/meng_k/products_pic/image/20150203170487158715.jpg&quot; style=&quot;width:918px;height:401px;&quot; /&gt; 
&lt;/h3&gt;
&lt;p style=&quot;color:#808080;font-family:微软雅黑;background-color:#FFFFFF;&quot;&gt;
	&amp;nbsp; &amp;nbsp;&amp;nbsp;
&lt;/p&gt;
&lt;p style=&quot;color:#808080;font-family:微软雅黑;background-color:#FFFFFF;&quot;&gt;
	&lt;span style=&quot;font-size:18px;&quot;&gt;&amp;nbsp; &amp;nbsp;&amp;nbsp;&amp;nbsp;&lt;/span&gt;&lt;span style=&quot;font-size:18px;&quot;&gt;深圳市后河车贷作为“普惠金融”的实践者，从成立至今，一直致力于帮助广大的中小企业解决“贷款难，融资难“的问题。“有车就能来贷款”，后河车贷通过这种快捷，便利的融资方式，让金融服务实体经济，解决企业资金短缺的燃眉之急。公司目前在全国共开设分公司32家，营业部及门店40家，遍布华南、华东、华北、东北和西南五大区域的一二三线城市，已经累计帮助超过10万的客户，提供了资金周转的服务。&lt;/span&gt; 
&lt;/p&gt;
&lt;span style=&quot;color:#808080;font-family:微软雅黑;background-color:#FFFFFF;font-size:18px;&quot;&gt;&amp;nbsp; &amp;nbsp; &amp;nbsp;后河车贷以“诚信立足、专业于精、价值回报、联合共赢”为宗旨；秉承“以人为本、稳健笃实、精进开拓、创新致远”的经营理念；坚持以客户的需求为中心，全心全意为每一位客户提供一站式融资服务，是广大中小企业发展路上最值得信赖的伙伴。&lt;/span&gt;&lt;span style=&quot;color:#808080;font-family:微软雅黑;background-color:#FFFFFF;&quot;&gt;&lt;/span&gt; 
&lt;p style=&quot;color:#808080;font-family:微软雅黑;background-color:#FFFFFF;&quot;&gt;
	&lt;br /&gt;
&lt;/p&gt;
&lt;p style=&quot;color:#808080;font-family:微软雅黑;background-color:#FFFFFF;&quot;&gt;
	&lt;br /&gt;
&lt;/p&gt;
&lt;p style=&quot;color:#808080;font-family:微软雅黑;background-color:#FFFFFF;&quot;&gt;
	&lt;span style=&quot;font-size:18px;&quot;&gt;&amp;nbsp; &amp;nbsp;&amp;nbsp;&lt;span style=&quot;background-color:#FFE500;&quot;&gt;车贷产品&lt;/span&gt;:&lt;/span&gt; 
&lt;/p&gt;
&lt;p style=&quot;color:#808080;font-family:微软雅黑;background-color:#FFFFFF;&quot;&gt;
	&lt;span style=&quot;font-size:18px;&quot;&gt;&amp;nbsp; &amp;nbsp;&amp;nbsp;&lt;span&gt;押车贷&lt;/span&gt;：客户车辆需存放至安全车库保管，审核简单，当天到账。&lt;/span&gt; 
&lt;/p&gt;
&lt;p style=&quot;color:#808080;font-family:微软雅黑;background-color:#FFFFFF;&quot;&gt;
	&lt;span style=&quot;font-size:18px;&quot;&gt;&amp;nbsp; &amp;nbsp;&amp;nbsp;GPS类：办理抵押手续后，客户车辆安装GPS，可继续自由使用车辆。&lt;/span&gt; 
&lt;/p&gt;
&lt;p style=&quot;color:#808080;font-family:微软雅黑;background-color:#FFFFFF;&quot;&gt;
	&lt;br /&gt;
&lt;span style=&quot;font-size:18px;&quot;&gt;&amp;nbsp; &amp;nbsp;&amp;nbsp;&lt;span style=&quot;background-color:#FFE500;&quot;&gt;产品优势&lt;/span&gt;：&lt;/span&gt;&lt;br /&gt;
&lt;span style=&quot;font-size:18px;&quot;&gt;&amp;nbsp; &amp;nbsp; 门槛低：有车就能贷，车辆无地域限制；&lt;/span&gt; 
&lt;/p&gt;
&lt;p style=&quot;color:#808080;font-family:微软雅黑;background-color:#FFFFFF;&quot;&gt;
	&lt;span style=&quot;font-size:18px;&quot;&gt;&amp;nbsp; &amp;nbsp; 额度高：最高可借车辆评估值的100%；&lt;/span&gt; 
&lt;/p&gt;
&lt;p style=&quot;color:#808080;font-family:微软雅黑;background-color:#FFFFFF;&quot;&gt;
	&lt;span style=&quot;font-size:18px;&quot;&gt;&amp;nbsp; &amp;nbsp; 速度快：最快2小时完成审核；&lt;/span&gt; 
&lt;/p&gt;
&lt;p style=&quot;color:#808080;font-family:微软雅黑;background-color:#FFFFFF;&quot;&gt;
	&lt;span style=&quot;font-size:18px;&quot;&gt;&amp;nbsp; &amp;nbsp; 费率低：费率低于市场平均水平，收费诚信透明；&lt;/span&gt; 
&lt;/p&gt;
&lt;p style=&quot;color:#808080;font-family:微软雅黑;background-color:#FFFFFF;&quot;&gt;
	&lt;span style=&quot;font-size:18px;&quot;&gt;&amp;nbsp; &amp;nbsp; 期限灵活：自主选择还款期限，还款压力小，可续贷；&lt;/span&gt; 
&lt;/p&gt;
&lt;p style=&quot;color:#808080;font-family:微软雅黑;background-color:#FFFFFF;&quot;&gt;
	&lt;span style=&quot;font-size:18px;line-height:1.5;&quot;&gt;&amp;nbsp; &amp;nbsp;&amp;nbsp;品牌信誉：后河车贷是车贷行业的领航者，普惠金融践行者。公司网点遍布全国，&amp;nbsp;&amp;nbsp;累计放款额已超过40亿元，帮助广大的中小企业主解决了融资难题，深受客户好评。更新时间测试asdada&amp;nbsp;&lt;/span&gt;
&lt;/p&gt;
&lt;p style=&quot;color:#808080;font-family:微软雅黑;background-color:#FFFFFF;&quot;&gt;
	&amp;nbsp;
&lt;/p&gt;',`update_time`='1490631834' WHERE ( introduce_id=17 ) [ RunTime:0.0005s ]

[ 2017-03-28T00:23:55+08:00 ] 127.0.0.1 /admin.php?c=content
INFO: [ app_init ] --START--
INFO: Run Behavior\BuildLiteBehavior [ RunTime:0.000026s ]
INFO: [ app_init ] --END-- [ RunTime:0.000427s ]
INFO: [ app_begin ] --START--
INFO: Run Behavior\ReadHtmlCacheBehavior [ RunTime:0.000588s ]
INFO: [ app_begin ] --END-- [ RunTime:0.000701s ]
NOTIC: [2048] Declaration of Admin\Controller\ContentController::setStatus() should be compatible with Admin\Controller\CommonController::setStatus($data, $models) C:\wamp64\www\singcms\Application\Admin\Controller\ContentController.class.php 第 10 行.
NOTIC: [8] Undefined index: title C:\wamp64\www\singcms\Application\Admin\Controller\ContentController.class.php 第 25 行.
NOTIC: [8] Undefined index: catid C:\wamp64\www\singcms\Application\Admin\Controller\ContentController.class.php 第 31 行.
NOTIC: [8] Undefined index: position_id C:\wamp64\www\singcms\Application\Admin\Controller\ContentController.class.php 第 36 行.
SQL: SHOW COLUMNS FROM `cms_menu` [ RunTime:0.0006s ]
SQL: SELECT * FROM `cms_menu` WHERE `status` <> -1 AND `type` = 0 ORDER BY listorder desc,menu_id desc  [ RunTime:0.0004s ]
NOTIC: [8] Undefined index: p C:\wamp64\www\singcms\Application\Admin\Controller\ContentController.class.php 第 44 行.
NOTIC: [8] Undefined index: pageSize C:\wamp64\www\singcms\Application\Admin\Controller\ContentController.class.php 第 45 行.
SQL: SHOW COLUMNS FROM `cms_news` [ RunTime:0.0017s ]
SQL: SELECT * FROM `cms_news` WHERE `status` <> -1 ORDER BY listorder desc,news_id desc LIMIT 0,5   [ RunTime:0.0006s ]
SQL: SHOW COLUMNS FROM `cms_position` [ RunTime:0.0008s ]
SQL: SELECT * FROM `cms_position` WHERE `status` <> -1 ORDER BY id desc  [ RunTime:0.0005s ]
SQL: SELECT COUNT(*) AS tp_count FROM `cms_news` WHERE `status` <> -1 LIMIT 1   [ RunTime:0.0004s ]
INFO: [ view_parse ] --START--
INFO: [ template_filter ] --START--
INFO: Run Behavior\ContentReplaceBehavior [ RunTime:0.000109s ]
INFO: [ template_filter ] --END-- [ RunTime:0.000252s ]
SQL: SELECT * FROM `cms_menu` WHERE `status` <> -1 AND `type` = 1 ORDER BY listorder desc,menu_id desc  [ RunTime:0.0005s ]
NOTIC: [8] Undefined variable: catid C:\wamp64\www\singcms\Application\Runtime\Cache\Admin\ccc9ced3ad798311a07cb47b740981c5.php 第 116 行.
NOTIC: [8] Undefined variable: catid C:\wamp64\www\singcms\Application\Runtime\Cache\Admin\ccc9ced3ad798311a07cb47b740981c5.php 第 116 行.
NOTIC: [8] Undefined variable: catid C:\wamp64\www\singcms\Application\Runtime\Cache\Admin\ccc9ced3ad798311a07cb47b740981c5.php 第 116 行.
NOTIC: [8] Undefined variable: catid C:\wamp64\www\singcms\Application\Runtime\Cache\Admin\ccc9ced3ad798311a07cb47b740981c5.php 第 116 行.
NOTIC: [8] Undefined variable: title C:\wamp64\www\singcms\Application\Runtime\Cache\Admin\ccc9ced3ad798311a07cb47b740981c5.php 第 125 行.
NOTIC: [8] Undefined variable: position_id C:\wamp64\www\singcms\Application\Runtime\Cache\Admin\ccc9ced3ad798311a07cb47b740981c5.php 第 197 行.
NOTIC: [8] Undefined variable: position_id C:\wamp64\www\singcms\Application\Runtime\Cache\Admin\ccc9ced3ad798311a07cb47b740981c5.php 第 197 行.
NOTIC: [8] Undefined variable: position_id C:\wamp64\www\singcms\Application\Runtime\Cache\Admin\ccc9ced3ad798311a07cb47b740981c5.php 第 197 行.
INFO: Run Behavior\ParseTemplateBehavior [ RunTime:0.024915s ]
INFO: [ view_parse ] --END-- [ RunTime:0.025201s ]
INFO: [ view_filter ] --START--
INFO: Run Behavior\WriteHtmlCacheBehavior [ RunTime:0.000663s ]
INFO: [ view_filter ] --END-- [ RunTime:0.000829s ]
INFO: [ app_end ] --START--
INFO: Run Behavior\ShowPageTraceBehavior [ RunTime:0.000991s ]
INFO: [ app_end ] --END-- [ RunTime:0.001188s ]

